
> web@0.1.0 build
> next build

node.exe : ΓÜá Warning: Next.js inferred your workspace root, but it may not be correct.
At line:1 char:1
+ & "C:\Program Files\nodejs/node.exe" "C:\Program Files\nodejs/node_mo ...
+ ~~~~~~~~~~~~~~~~~~~~~~~~~~~~~~~~~~~~~~~~~~~~~~~~~~~~~~~~~~~~~~~~~~~~~
    + CategoryInfo          : NotSpecified: (ΓÜá Warning: Ne...not be correct.:String) [], RemoteException
    + FullyQualifiedErrorId : NativeCommandError
 
 We detected multiple lockfiles and selected the directory of C:\Users\biruk\OneDrive\Desktop\app\package-lock.json as the root directory.
 To silence this warning, set `turbopack.root` in your Next.js config, or consider removing one of the lockfiles if it's not needed.
   See https://nextjs.org/docs/app/api-reference/config/next-config-js/turbopack#root-directory for more information.
 Detected additional lockfiles: 
   * C:\Users\biruk\OneDrive\Desktop\app\web\package-lock.json

Γû▓ Next.js 16.1.6 (Turbopack)
- Environments: .env.local

  Creating an optimized production build ...
Γ£ô Compiled successfully in 20.2s
  Running TypeScript ...
Failed to compile.

./components/DashboardShell.tsx:199:41
Type error: Cannot find name 'signOut'.

[0m [90m 197 |[39m                                     onClick[33m=[39m{() [33m=>[39m {
 [90m 198 |[39m                                         setShowProfileMenu([36mfalse[39m)[33m;[39m
[31m[1m>[22m[39m[90m 199 |[39m                                         signOut(auth)[33m;[39m
 [90m     |[39m                                         [31m[1m^[22m[39m
 [90m 200 |[39m                                     }}
 [90m 201 |[39m                                     className[33m=[39m[32m"w-full flex items-center px-4 py-2.5 rounded-xl hover:bg-red-50 
text-red-600 transition-colors text-sm font-bold mt-1"[39m
 [90m 202 |[39m                                 [33m>[39m[0m
Next.js build worker exited with code: 1 and signal: null
